
> svelte-app@1.0.0 start /var/www/data/minesweeper
> sirv public --host

[H[2J
  [32mYour application is ready~! 🚀

[39m  [1m- Local:[22m      http://0.0.0.0:5000
  [1m- Network:[22m    http://192.168.0.153:5000

[7m LOGS [27m

  [[35m14:29:31[39m] [32m200[39m[90m ─ [39m[37m[1m5.84ms[39m[22m[90m ─ [39m/
  [[35m14:29:32[39m] [32m200[39m[90m ─ [39m[37m[1m0.78ms[39m[22m[90m ─ [39m/global.css
  [[35m14:29:32[39m] [32m200[39m[90m ─ [39m[37m[1m0.69ms[39m[22m[90m ─ [39m/build/bundle.css
  [[35m14:29:32[39m] [32m200[39m[90m ─ [39m[37m[1m0.99ms[39m[22m[90m ─ [39m/build/bundle.js
  [[35m14:29:37[39m] [32m200[39m[90m ─ [39m[37m[1m1.08ms[39m[22m[90m ─ [39m/global.css
  [[35m14:29:37[39m] [32m200[39m[90m ─ [39m[37m[1m1.56ms[39m[22m[90m ─ [39m/build/bundle.css
  [[35m14:29:37[39m] [32m200[39m[90m ─ [39m[37m[1m0.77ms[39m[22m[90m ─ [39m/build/bundle.js
  [[35m16:02:22[39m] [32m200[39m[90m ─ [39m[37m[1m0.69ms[39m[22m[90m ─ [39m/
  [[35m16:02:23[39m] [32m200[39m[90m ─ [39m[37m[1m0.62ms[39m[22m[90m ─ [39m/build/bundle.css
  [[35m16:02:23[39m] [32m200[39m[90m ─ [39m[37m[1m0.56ms[39m[22m[90m ─ [39m/global.css
  [[35m16:02:23[39m] [32m200[39m[90m ─ [39m[37m[1m0.65ms[39m[22m[90m ─ [39m/build/bundle.js
  [[35m16:02:23[39m] [32m200[39m[90m ─ [39m[37m[1m0.88ms[39m[22m[90m ─ [39m/favicon.png
  [[35m16:31:38[39m] [32m200[39m[90m ─ [39m[37m[1m0.85ms[39m[22m[90m ─ [39m/global.css
  [[35m16:31:38[39m] [32m200[39m[90m ─ [39m[37m[1m1.25ms[39m[22m[90m ─ [39m/build/bundle.css
  [[35m16:31:38[39m] [32m200[39m[90m ─ [39m[37m[1m0.62ms[39m[22m[90m ─ [39m/build/bundle.js
  [[35m16:31:38[39m] [32m206[39m[90m ─ [39m[37m[1m0.56ms[39m[22m[90m ─ [39m/favicon.png
  [[35m16:31:38[39m] [32m206[39m[90m ─ [39m[37m[1m0.58ms[39m[22m[90m ─ [39m/favicon.png
  [[35m21:09:53[39m] [31m404[39m[90m ─ [39m[37m[1m0.31ms[39m[22m[90m ─ [39m/v2/_catalog
  [[35m21:10:28[39m] [32m200[39m[90m ─ [39m[37m[1m0.59ms[39m[22m[90m ─ [39m/
  [[35m10:02:22[39m] [32m200[39m[90m ─ [39m[37m[1m0.59ms[39m[22m[90m ─ [39m/
  [[35m10:02:22[39m] [32m200[39m[90m ─ [39m[37m[1m0.53ms[39m[22m[90m ─ [39m/
  [[35m13:01:54[39m] [32m200[39m[90m ─ [39m[37m[1m0.56ms[39m[22m[90m ─ [39m/
  [[35m13:01:55[39m] [32m200[39m[90m ─ [39m[37m[1m0.76ms[39m[22m[90m ─ [39m/global.css
  [[35m13:01:55[39m] [32m200[39m[90m ─ [39m[37m[1m1.12ms[39m[22m[90m ─ [39m/build/bundle.css
  [[35m13:01:57[39m] [32m200[39m[90m ─ [39m[37m[1m0.61ms[39m[22m[90m ─ [39m/build/bundle.js
  [[35m13:04:15[39m] [32m200[39m[90m ─ [39m[37m[1m0.57ms[39m[22m[90m ─ [39m/global.css
  [[35m14:19:30[39m] [32m200[39m[90m ─ [39m[37m[1m0.58ms[39m[22m[90m ─ [39m/
  [[35m14:19:31[39m] [32m200[39m[90m ─ [39m[37m[1m0.56ms[39m[22m[90m ─ [39m/
  [[35m14:19:33[39m] [31m404[39m[90m ─ [39m[37m[1m0.30ms[39m[22m[90m ─ [39m/nice ports,/Trinity.txt.bak
  [[35m18:59:15[39m] [32m200[39m[90m ─ [39m[37m[1m0.61ms[39m[22m[90m ─ [39m/
  [[35m04:22:01[39m] [32m200[39m[90m ─ [39m[37m[1m0.55ms[39m[22m[90m ─ [39m/
  [[35m04:22:01[39m] [32m200[39m[90m ─ [39m[37m[1m0.52ms[39m[22m[90m ─ [39m/
  [[35m12:21:14[39m] [32m200[39m[90m ─ [39m[37m[1m0.62ms[39m[22m[90m ─ [39m/
  [[35m17:23:40[39m] [32m200[39m[90m ─ [39m[37m[1m0.55ms[39m[22m[90m ─ [39m/
  [[35m17:23:40[39m] [32m200[39m[90m ─ [39m[37m[1m0.53ms[39m[22m[90m ─ [39m/global.css
  [[35m17:23:40[39m] [32m200[39m[90m ─ [39m[37m[1m0.53ms[39m[22m[90m ─ [39m/build/bundle.css
  [[35m17:23:40[39m] [32m200[39m[90m ─ [39m[37m[1m0.60ms[39m[22m[90m ─ [39m/build/bundle.js
  [[35m17:47:00[39m] [32m200[39m[90m ─ [39m[37m[1m0.55ms[39m[22m[90m ─ [39m/
  [[35m12:10:16[39m] [32m200[39m[90m ─ [39m[37m[1m0.56ms[39m[22m[90m ─ [39m/
  [[35m12:10:16[39m] [32m200[39m[90m ─ [39m[37m[1m0.70ms[39m[22m[90m ─ [39m/build/bundle.css
  [[35m12:10:16[39m] [32m200[39m[90m ─ [39m[37m[1m1.02ms[39m[22m[90m ─ [39m/global.css
  [[35m12:10:16[39m] [32m200[39m[90m ─ [39m[37m[1m0.56ms[39m[22m[90m ─ [39m/build/bundle.js
  [[35m12:10:17[39m] [32m200[39m[90m ─ [39m[37m[1m0.62ms[39m[22m[90m ─ [39m/favicon.png
  [[35m20:18:55[39m] [32m200[39m[90m ─ [39m[37m[1m0.58ms[39m[22m[90m ─ [39m/
  [[35m20:18:55[39m] [32m200[39m[90m ─ [39m[37m[1m0.53ms[39m[22m[90m ─ [39m/build/bundle.css
  [[35m20:18:55[39m] [32m200[39m[90m ─ [39m[37m[1m1.06ms[39m[22m[90m ─ [39m/global.css
  [[35m20:18:55[39m] [32m200[39m[90m ─ [39m[37m[1m0.83ms[39m[22m[90m ─ [39m/build/bundle.js
  [[35m21:03:18[39m] [32m200[39m[90m ─ [39m[37m[1m0.54ms[39m[22m[90m ─ [39m/
  [[35m21:03:19[39m] [32m200[39m[90m ─ [39m[37m[1m0.50ms[39m[22m[90m ─ [39m/
  [[35m00:27:58[39m] [32m200[39m[90m ─ [39m[37m[1m0.55ms[39m[22m[90m ─ [39m/
  [[35m00:27:58[39m] [32m200[39m[90m ─ [39m[37m[1m0.52ms[39m[22m[90m ─ [39m/global.css
  [[35m00:27:58[39m] [32m200[39m[90m ─ [39m[37m[1m1.04ms[39m[22m[90m ─ [39m/build/bundle.css
  [[35m00:27:58[39m] [32m200[39m[90m ─ [39m[37m[1m0.57ms[39m[22m[90m ─ [39m/build/bundle.js
  [[35m00:27:59[39m] [32m200[39m[90m ─ [39m[37m[1m51.81ms[39m[22m[90m ─ [39m/favicon.png
  [[35m00:28:06[39m] [32m200[39m[90m ─ [39m[37m[1m0.53ms[39m[22m[90m ─ [39m/
  [[35m00:28:29[39m] [32m200[39m[90m ─ [39m[37m[1m0.54ms[39m[22m[90m ─ [39m/
  [[35m04:22:47[39m] [32m200[39m[90m ─ [39m[37m[1m0.56ms[39m[22m[90m ─ [39m/
  [[35m05:38:13[39m] [32m200[39m[90m ─ [39m[37m[1m0.58ms[39m[22m[90m ─ [39m/
  [[35m09:08:18[39m] [32m200[39m[90m ─ [39m[37m[1m0.56ms[39m[22m[90m ─ [39m/
  [[35m09:08:18[39m] [32m200[39m[90m ─ [39m[37m[1m0.65ms[39m[22m[90m ─ [39m/build/bundle.css
  [[35m09:08:18[39m] [32m200[39m[90m ─ [39m[37m[1m0.50ms[39m[22m[90m ─ [39m/global.css
  [[35m09:08:18[39m] [32m200[39m[90m ─ [39m[37m[1m0.58ms[39m[22m[90m ─ [39m/build/bundle.js
  [[35m09:08:18[39m] [32m200[39m[90m ─ [39m[37m[1m70.10ms[39m[22m[90m ─ [39m/favicon.png
  [[35m15:21:55[39m] [32m200[39m[90m ─ [39m[37m[1m0.55ms[39m[22m[90m ─ [39m/
  [[35m15:21:55[39m] [32m200[39m[90m ─ [39m[37m[1m0.53ms[39m[22m[90m ─ [39m/global.css
  [[35m15:21:55[39m] [32m200[39m[90m ─ [39m[37m[1m1.05ms[39m[22m[90m ─ [39m/build/bundle.css
  [[35m15:21:56[39m] [32m200[39m[90m ─ [39m[37m[1m0.54ms[39m[22m[90m ─ [39m/build/bundle.js
  [[35m16:22:32[39m] [32m200[39m[90m ─ [39m[37m[1m0.55ms[39m[22m[90m ─ [39m/
  [[35m16:22:32[39m] [32m200[39m[90m ─ [39m[37m[1m0.51ms[39m[22m[90m ─ [39m/
  [[35m16:53:12[39m] [32m200[39m[90m ─ [39m[37m[1m0.54ms[39m[22m[90m ─ [39m/
  [[35m16:53:13[39m] [32m200[39m[90m ─ [39m[37m[1m0.71ms[39m[22m[90m ─ [39m/global.css
  [[35m16:53:13[39m] [32m200[39m[90m ─ [39m[37m[1m1.04ms[39m[22m[90m ─ [39m/build/bundle.css
  [[35m16:53:13[39m] [32m200[39m[90m ─ [39m[37m[1m0.57ms[39m[22m[90m ─ [39m/build/bundle.js
  [[35m16:53:14[39m] [32m200[39m[90m ─ [39m[37m[1m67.66ms[39m[22m[90m ─ [39m/favicon.png
  [[35m17:02:16[39m] [32m200[39m[90m ─ [39m[37m[1m0.54ms[39m[22m[90m ─ [39m/
  [[35m17:02:17[39m] [32m200[39m[90m ─ [39m[37m[1m43.96ms[39m[22m[90m ─ [39m/favicon.png
  [[35m19:51:46[39m] [32m200[39m[90m ─ [39m[37m[1m0.56ms[39m[22m[90m ─ [39m/
  [[35m19:51:46[39m] [32m200[39m[90m ─ [39m[37m[1m0.49ms[39m[22m[90m ─ [39m/
  [[35m19:53:52[39m] [32m200[39m[90m ─ [39m[37m[1m0.55ms[39m[22m[90m ─ [39m/
  [[35m20:45:36[39m] [32m200[39m[90m ─ [39m[37m[1m0.57ms[39m[22m[90m ─ [39m/
  [[35m20:45:36[39m] [32m200[39m[90m ─ [39m[37m[1m0.50ms[39m[22m[90m ─ [39m/global.css
  [[35m20:45:36[39m] [32m200[39m[90m ─ [39m[37m[1m0.48ms[39m[22m[90m ─ [39m/build/bundle.css
  [[35m20:45:36[39m] [32m200[39m[90m ─ [39m[37m[1m0.54ms[39m[22m[90m ─ [39m/build/bundle.js
  [[35m20:45:37[39m] [32m200[39m[90m ─ [39m[37m[1m0.71ms[39m[22m[90m ─ [39m/favicon.png
  [[35m20:45:52[39m] [32m200[39m[90m ─ [39m[37m[1m0.55ms[39m[22m[90m ─ [39m/
  [[35m20:45:52[39m] [32m200[39m[90m ─ [39m[37m[1m0.57ms[39m[22m[90m ─ [39m/favicon.png
  [[35m21:08:17[39m] [32m200[39m[90m ─ [39m[37m[1m0.56ms[39m[22m[90m ─ [39m/
  [[35m01:10:45[39m] [32m200[39m[90m ─ [39m[37m[1m0.55ms[39m[22m[90m ─ [39m/build/bundle.css
  [[35m01:10:45[39m] [32m200[39m[90m ─ [39m[37m[1m0.49ms[39m[22m[90m ─ [39m/global.css
  [[35m01:10:45[39m] [32m200[39m[90m ─ [39m[37m[1m0.66ms[39m[22m[90m ─ [39m/build/bundle.js
  [[35m09:45:51[39m] [32m200[39m[90m ─ [39m[37m[1m0.54ms[39m[22m[90m ─ [39m/
  [[35m09:45:52[39m] [32m200[39m[90m ─ [39m[37m[1m0.50ms[39m[22m[90m ─ [39m/global.css
  [[35m09:45:52[39m] [32m200[39m[90m ─ [39m[37m[1m0.49ms[39m[22m[90m ─ [39m/build/bundle.css
  [[35m09:45:52[39m] [32m200[39m[90m ─ [39m[37m[1m0.52ms[39m[22m[90m ─ [39m/build/bundle.js
  [[35m09:45:52[39m] [32m200[39m[90m ─ [39m[37m[1m0.69ms[39m[22m[90m ─ [39m/favicon.png
  [[35m09:45:56[39m] [32m200[39m[90m ─ [39m[37m[1m0.54ms[39m[22m[90m ─ [39m/
  [[35m09:45:56[39m] [32m200[39m[90m ─ [39m[37m[1m0.54ms[39m[22m[90m ─ [39m/favicon.png
  [[35m09:46:07[39m] [32m200[39m[90m ─ [39m[37m[1m0.53ms[39m[22m[90m ─ [39m/
  [[35m09:46:07[39m] [32m200[39m[90m ─ [39m[37m[1m0.74ms[39m[22m[90m ─ [39m/favicon.png
  [[35m09:46:28[39m] [32m200[39m[90m ─ [39m[37m[1m0.52ms[39m[22m[90m ─ [39m/
  [[35m09:46:29[39m] [32m200[39m[90m ─ [39m[37m[1m0.69ms[39m[22m[90m ─ [39m/favicon.png
  [[35m09:46:31[39m] [32m200[39m[90m ─ [39m[37m[1m0.55ms[39m[22m[90m ─ [39m/
  [[35m09:47:01[39m] [32m200[39m[90m ─ [39m[37m[1m0.52ms[39m[22m[90m ─ [39m/
  [[35m09:47:01[39m] [32m200[39m[90m ─ [39m[37m[1m0.55ms[39m[22m[90m ─ [39m/favicon.png
  [[35m09:47:14[39m] [32m200[39m[90m ─ [39m[37m[1m0.53ms[39m[22m[90m ─ [39m/
  [[35m09:47:14[39m] [32m200[39m[90m ─ [39m[37m[1m0.71ms[39m[22m[90m ─ [39m/favicon.png
  [[35m09:48:01[39m] [32m200[39m[90m ─ [39m[37m[1m0.55ms[39m[22m[90m ─ [39m/
  [[35m09:48:02[39m] [32m200[39m[90m ─ [39m[37m[1m0.72ms[39m[22m[90m ─ [39m/favicon.png
  [[35m09:48:03[39m] [32m200[39m[90m ─ [39m[37m[1m2.47ms[39m[22m[90m ─ [39m/
  [[35m09:48:03[39m] [32m200[39m[90m ─ [39m[37m[1m0.55ms[39m[22m[90m ─ [39m/favicon.png
  [[35m09:48:05[39m] [32m200[39m[90m ─ [39m[37m[1m0.49ms[39m[22m[90m ─ [39m/
  [[35m09:48:06[39m] [32m200[39m[90m ─ [39m[37m[1m0.63ms[39m[22m[90m ─ [39m/favicon.png
  [[35m09:49:07[39m] [32m200[39m[90m ─ [39m[37m[1m0.47ms[39m[22m[90m ─ [39m/
  [[35m09:49:07[39m] [32m200[39m[90m ─ [39m[37m[1m0.63ms[39m[22m[90m ─ [39m/favicon.png
  [[35m15:15:47[39m] [32m200[39m[90m ─ [39m[37m[1m0.49ms[39m[22m[90m ─ [39m/
  [[35m17:28:02[39m] [32m200[39m[90m ─ [39m[37m[1m0.48ms[39m[22m[90m ─ [39m/
  [[35m17:28:02[39m] [32m200[39m[90m ─ [39m[37m[1m0.52ms[39m[22m[90m ─ [39m/favicon.png
  [[35m17:31:00[39m] [32m200[39m[90m ─ [39m[37m[1m0.47ms[39m[22m[90m ─ [39m/
node[15659]: ../src/node.cc:652:void node::ResetStdio(): Assertion `(0) == (err)' failed.
 1: 0x9da7c0 node::Abort() [node]
 2: 0x9da847  [node]
 3: 0x9a86b7 node::ResetStdio() [node]
 4: 0x9a8720 node::SignalExit(int) [node]
 5: 0x7f7659efa8a0  [/lib/x86_64-linux-gnu/libpthread.so.0]
 6: 0x7f7659c18d67 epoll_wait [/lib/x86_64-linux-gnu/libc.so.6]
 7: 0x12e8c10  [node]
 8: 0x12d706b uv_run [node]
 9: 0xa1c9b7 node::NodeMainInstance::Run() [node]
10: 0x9ac928 node::Start(int, char**) [node]
11: 0x7f7659b18b97 __libc_start_main [/lib/x86_64-linux-gnu/libc.so.6]
12: 0x94a055  [node]
npm[15643]: ../src/node.cc:652:void node::ResetStdio(): Assertion `(0) == (err)' failed.
 1: 0x9da7c0 node::Abort() [npm]
 2: 0x9da847  [npm]
 3: 0x9a86b7 node::ResetStdio() [npm]
 4: 0x7ff8ede000f1  [/lib/x86_64-linux-gnu/libc.so.6]
 5: 0x7ff8ede001ea  [/lib/x86_64-linux-gnu/libc.so.6]
 6: 0x981a46  [npm]
 7: 0xba5d59  [npm]
 8: 0xba7b47 v8::internal::Builtin_HandleApiCall(int, unsigned long*, v8::internal::Isolate*) [npm]
 9: 0x13750d9  [npm]
